Activating mamba environment...
Navigating to the project directory...
Set parameter WLSAccessID
Set parameter WLSSecret
Set parameter LicenseID to value 2556816
Academic license 2556816 - for non-commercial use only - registered to si___@tum.de
Running Snakemake...
Set parameter WLSAccessID
Set parameter WLSSecret
Set parameter LicenseID to value 2556816
Academic license 2556816 - for non-commercial use only - registered to si___@tum.de
Set parameter WLSAccessID
Set parameter WLSSecret
Set parameter LicenseID to value 2556816
Academic license 2556816 - for non-commercial use only - registered to si___@tum.de
Read LP format model from file /tmp/go73lez2/linopy-problem-y1ebfjbb.lp
Reading time = 0.00 seconds
obj: 1 rows, 39 columns, 39 nonzeros
Gurobi Optimizer version 11.0.3 build v11.0.3rc0 (linux64 - "SUSE Linux Enterprise Server 15 SP5")

CPU model: Intel(R) Xeon(R) Platinum 8360HL CPU @ 3.00GHz, instruction set [SSE2|AVX|AVX2|AVX512]
Thread count: 96 physical cores, 192 logical processors, using up to 32 threads

Academic license 2556816 - for non-commercial use only - registered to si___@tum.de
Optimize a model with 1 rows, 39 columns and 39 nonzeros
Model fingerprint: 0x1bd622e0
Model has 39 quadratic objective terms
Variable types: 0 continuous, 39 integer (0 binary)
Coefficient statistics:
  Matrix range     [1e+00, 1e+00]
  Objective range  [8e-02, 1e+01]
  QObjective range [2e+00, 2e+00]
  Bounds range     [1e+00, 6e+02]
  RHS range        [4e+01, 4e+01]
Found heuristic solution: objective -39.0000000
Presolve removed 1 rows and 39 columns
Presolve time: 0.00s
Presolve: All rows and columns removed

Explored 0 nodes (0 simplex iterations) in 0.04 seconds (0.00 work units)
Thread count was 1 (of 192 available processors)

Solution count 1: -39 
No other solutions better than -39

Optimal solution found (tolerance 1.00e-04)
Best objective -3.900000000009e+01, best bound -3.900000000009e+01, gap 0.0000%
Warning: environment still referenced so free is deferred (Continue to use WLS)
Current horizon: 2045
Fusion added at entry year of 2035
Current horizon: 2035
Current horizon: 2085
Fusion added at entry year of 2055
Current horizon: 2075
Fusion added at entry year of 2045
Current horizon: 2045
Current horizon: 2100
Fusion added at entry year of 2045
Current horizon: 2055
Fusion added at entry year of 2045
Current horizon: 2075
Fusion added at entry year of 2035
Current horizon: 2055
Fusion added at entry year of 2055
Current horizon: 2030
Current horizon: 2100
Fusion added at entry year of 2055
Current horizon: 2050
Fusion added at entry year of 2045
Current horizon: 2095
Fusion added at entry year of 2045
Current horizon: 2085
Fusion added at entry year of 2035
Current horizon: 2050
Current horizon: 2095
Fusion added at entry year of 2055
Current horizon: 2045
Fusion added at entry year of 2045
Current horizon: 2050
Fusion added at entry year of 2035
Current horizon: 2035
Current horizon: 2065
Fusion added at entry year of 2035
Current horizon: 2065
Fusion added at entry year of 2055
Current horizon: 2075
Fusion added at entry year of 2055
Current horizon: 2030
Current horizon: 2085
Fusion added at entry year of 2045
Current horizon: 2035
Fusion added at entry year of 2035
Current horizon: 2095
Fusion added at entry year of 2035
Current horizon: 2055
Fusion added at entry year of 2035
Current horizon: 2065
Fusion added at entry year of 2045
Current horizon: 2030
Current horizon: 2100
Fusion added at entry year of 2035
Set parameter WLSAccessID
Set parameter WLSSecret
Set parameter LicenseID to value 2556816
Academic license 2556816 - for non-commercial use only - registered to si___@tum.de
Minimum capacity: should be 0 fusion    0
dtype: int64
Current horizon: 2030
Should be 1000 fusion    0
dtype: int64
Extendable generators:                                                                            carrier  ... p_nom_opt
Generator                                                                          ...          
AL0 0 offwind-float-2030                                            offwind-float  ...       0.0
BA0 0 offwind-float-2030                                            offwind-float  ...       0.0
BE0 0 offwind-float-2030                                            offwind-float  ...       0.0
BG0 0 offwind-float-2030                                            offwind-float  ...       0.0
DE0 0 offwind-float-2030                                            offwind-float  ...       0.0
...                                                                           ...  ...       ...
SI0 0 urban decentral solar thermal collector-2030  urban decentral solar thermal  ...       0.0
SK0 0 rural solar thermal collector-2030                      rural solar thermal  ...       0.0
SK0 0 urban decentral solar thermal collector-2030  urban decentral solar thermal  ...       0.0
XK0 0 rural solar thermal collector-2030                      rural solar thermal  ...       0.0
XK0 0 urban decentral solar thermal collector-2030  urban decentral solar thermal  ...       0.0

[358 rows x 34 columns]
Maxconstraints added: True
Maxcaps should be here:  Constraint `bau_maxcaps` (carrier: 0):
--------------------------------------
Minconstraints added: True
Mincaps should be here:  Constraint `bau_mincaps` (carrier: 0):
--------------------------------------
Set parameter WLSAccessID
Set parameter WLSSecret
Set parameter LicenseID to value 2556816
Academic license 2556816 - for non-commercial use only - registered to si___@tum.de
Read LP format model from file /tmp/go73lez2/linopy-problem-qk6jhqa_.lp
Reading time = 48.22 seconds
obj: 25363310 rows, 12012371 columns, 58499575 nonzeros
Set parameter Threads to value 8
Set parameter Method to value 2
Set parameter Crossover to value 0
Set parameter BarConvTol to value 1e-06
Set parameter Seed to value 123
Set parameter AggFill to value 0
Set parameter PreDual to value 0
Set parameter GURO_PAR_BARDENSETHRESH to value 200
Set parameter LogFile to value "/dss/dsshome1/01/go73lez2/pypsa-eur-current/results/fusion-base-2035/logs/base_s_39_lvopt___2030_solver.log"
Gurobi Optimizer version 11.0.3 build v11.0.3rc0 (linux64 - "SUSE Linux Enterprise Server 15 SP5")

CPU model: Intel(R) Xeon(R) Platinum 8360HL CPU @ 3.00GHz, instruction set [SSE2|AVX|AVX2|AVX512]
Thread count: 96 physical cores, 192 logical processors, using up to 8 threads

Academic license 2556816 - for non-commercial use only - registered to si___@tum.de
Optimize a model with 25363310 rows, 12012371 columns and 58499575 nonzeros
Model fingerprint: 0x61a3992a
Coefficient statistics:
  Matrix range     [3e-03, 3e+02]
  Objective range  [3e-02, 2e+06]
  Bounds range     [9e-02, 9e+09]
  RHS range        [1e-01, 1e+09]
Warning: Model contains large rhs
Warning: Model contains large bounds
         Consider reformulating model or setting NumericFocus parameter
         to avoid numerical issues.
Presolve removed 15557943 rows and 782399 columns (presolve time = 5s) ...
Presolve removed 15627101 rows and 802310 columns (presolve time = 10s) ...
Presolve removed 15627101 rows and 802310 columns (presolve time = 15s) ...
Presolve removed 15634791 rows and 810000 columns (presolve time = 20s) ...
Presolve removed 16514791 rows and 1690000 columns (presolve time = 25s) ...
Presolve removed 16516594 rows and 1691803 columns (presolve time = 30s) ...
Presolve removed 16516594 rows and 1691803 columns (presolve time = 36s) ...
Presolve removed 16516594 rows and 1691803 columns (presolve time = 40s) ...
Presolve removed 16516594 rows and 1691803 columns (presolve time = 45s) ...
Presolve removed 16516594 rows and 1697641 columns (presolve time = 51s) ...
Presolve removed 16516594 rows and 1697641 columns (presolve time = 57s) ...
Presolve removed 16516594 rows and 1697641 columns
Presolve time: 57.54s
Presolved: 8846716 rows, 10314730 columns, 39367788 nonzeros
Elapsed ordering time = 9s
Elapsed ordering time = 10s
Elapsed ordering time = 15s
Elapsed ordering time = 20s
Elapsed ordering time = 25s
Elapsed ordering time = 116s
Elapsed ordering time = 154s
Elapsed ordering time = 190s
Elapsed ordering time = 207s
Elapsed ordering time = 219s
Elapsed ordering time = 234s
Elapsed ordering time = 248s
Elapsed ordering time = 257s
Elapsed ordering time = 262s
Elapsed ordering time = 267s
Elapsed ordering time = 271s
Elapsed ordering time = 277s
Elapsed ordering time = 284s
Elapsed ordering time = 289s
Elapsed ordering time = 295s
Elapsed ordering time = 300s
Elapsed ordering time = 302s
Elapsed ordering time = 306s
Elapsed ordering time = 310s
Elapsed ordering time = 316s
Elapsed ordering time = 322s
Elapsed ordering time = 326s
Elapsed ordering time = 331s
Elapsed ordering time = 336s
Elapsed ordering time = 341s
Elapsed ordering time = 345s
Elapsed ordering time = 350s
Elapsed ordering time = 356s
Elapsed ordering time = 361s
Elapsed ordering time = 366s
Elapsed ordering time = 372s
Elapsed ordering time = 375s
Elapsed ordering time = 380s
Elapsed ordering time = 385s
Elapsed ordering time = 390s
Elapsed ordering time = 395s
Elapsed ordering time = 400s
Elapsed ordering time = 405s
Elapsed ordering time = 410s
Elapsed ordering time = 426s
Elapsed ordering time = 430s
Elapsed ordering time = 435s
Elapsed ordering time = 440s
Elapsed ordering time = 445s
Elapsed ordering time = 450s
Elapsed ordering time = 455s
Elapsed ordering time = 460s
Elapsed ordering time = 465s
Elapsed ordering time = 470s
Elapsed ordering time = 475s
Elapsed ordering time = 480s
Elapsed ordering time = 485s
Elapsed ordering time = 490s
Elapsed ordering time = 495s
Elapsed ordering time = 500s
Elapsed ordering time = 505s
Elapsed ordering time = 510s
Elapsed ordering time = 515s
Elapsed ordering time = 520s
Elapsed ordering time = 525s
Elapsed ordering time = 530s
Elapsed ordering time = 535s
Elapsed ordering time = 540s
Elapsed ordering time = 545s
Elapsed ordering time = 550s
Elapsed ordering time = 555s
Elapsed ordering time = 560s
Ordering time: 584.61s

Barrier statistics:
 Dense cols : 1907
 AA' NZ     : 3.837e+07
 Factor NZ  : 7.534e+08 (roughly 14.0 GB of memory)
 Factor Ops : 1.868e+12 (roughly 10 seconds per iteration)
 Threads    : 8

                  Objective                Residual
Iter       Primal          Dual         Primal    Dual     Compl     Time
   0   5.57888868e+16 -1.48715899e+17  3.92e+14 1.81e+02  9.49e+12   741s
   1   6.43889682e+16 -9.28014292e+16  3.26e+14 6.86e+03  6.09e+12   813s
   2   6.88868675e+16 -7.10003424e+16  2.70e+14 3.63e+03  4.61e+12   889s
