Activating mamba environment...
Navigating to the project directory...
Set parameter WLSAccessID
Set parameter WLSSecret
Set parameter LicenseID to value 2548566
Academic license 2548566 - for non-commercial use only - registered to ka___@tum.de
Running Snakemake...
Set parameter WLSAccessID
Set parameter WLSSecret
Set parameter LicenseID to value 2548566
Academic license 2548566 - for non-commercial use only - registered to ka___@tum.de
Set parameter WLSAccessID
Set parameter WLSSecret
Set parameter LicenseID to value 2548566
Academic license 2548566 - for non-commercial use only - registered to ka___@tum.de
Read LP format model from file /tmp/ge87say4/linopy-problem-65kwb2ej.lp
Reading time = 0.00 seconds
obj: 1 rows, 39 columns, 39 nonzeros
Gurobi Optimizer version 11.0.3 build v11.0.3rc0 (linux64 - "SUSE Linux Enterprise Server 15 SP5")

CPU model: Intel(R) Xeon(R) Platinum 8360HL CPU @ 3.00GHz, instruction set [SSE2|AVX|AVX2|AVX512]
Thread count: 96 physical cores, 192 logical processors, using up to 32 threads

Academic license 2548566 - for non-commercial use only - registered to ka___@tum.de
Optimize a model with 1 rows, 39 columns and 39 nonzeros
Model fingerprint: 0x481964e1
Model has 39 quadratic objective terms
Variable types: 0 continuous, 39 integer (0 binary)
Coefficient statistics:
  Matrix range     [1e+00, 1e+00]
  Objective range  [8e-02, 1e+01]
  QObjective range [2e+00, 2e+00]
  Bounds range     [1e+00, 6e+02]
  RHS range        [4e+01, 4e+01]
Found heuristic solution: objective -39.0000000
Presolve removed 1 rows and 39 columns
Presolve time: 0.00s
Presolve: All rows and columns removed

Explored 0 nodes (0 simplex iterations) in 0.01 seconds (0.00 work units)
Thread count was 1 (of 192 available processors)

Solution count 1: -39 
No other solutions better than -39

Optimal solution found (tolerance 1.00e-04)
Best objective -3.900000000010e+01, best bound -3.900000000010e+01, gap 0.0000%
Warning: environment still referenced so free is deferred (Continue to use WLS)
Current horizon: 2095
Fusion added at entry year of 2035
Current horizon: 2065
Fusion added at entry year of 2035
Current horizon: 2050
Fusion added at entry year of 2035
Current horizon: 2035
Current horizon: 2030
Current horizon: 2065
Fusion added at entry year of 2045
Current horizon: 2055
Fusion added at entry year of 2035
Current horizon: 2065
Fusion added at entry year of 2055
Current horizon: 2030
Current horizon: 2055
Fusion added at entry year of 2045
Current horizon: 2100
Fusion added at entry year of 2045
Current horizon: 2030
Current horizon: 2055
Fusion added at entry year of 2055
Current horizon: 2075
Fusion added at entry year of 2035
Current horizon: 2045
Fusion added at entry year of 2045
Current horizon: 2100
Fusion added at entry year of 2055
Current horizon: 2085
Fusion added at entry year of 2045
Current horizon: 2100
Fusion added at entry year of 2035
Current horizon: 2045
Fusion added at entry year of 2035
Current horizon: 2035
Current horizon: 2050
Current horizon: 2095
Fusion added at entry year of 2055
Current horizon: 2075
Fusion added at entry year of 2045
Current horizon: 2045
Current horizon: 2085
Fusion added at entry year of 2055
Current horizon: 2085
Fusion added at entry year of 2035
Current horizon: 2075
Fusion added at entry year of 2055
Current horizon: 2050
Fusion added at entry year of 2045
Current horizon: 2035
Fusion added at entry year of 2035
Current horizon: 2095
Fusion added at entry year of 2045
Set parameter WLSAccessID
Set parameter WLSSecret
Set parameter LicenseID to value 2548566
Academic license 2548566 - for non-commercial use only - registered to ka___@tum.de
Minimum capacity: should be 0 fusion    0
dtype: int64
Current horizon: 2030
Should be 1000 fusion    0
dtype: int64
Extendable generators:                                                                            carrier  ... p_nom_opt
Generator                                                                          ...          
AL0 0 offwind-ac-2030                                                  offwind-ac  ...       0.0
BA0 0 offwind-ac-2030                                                  offwind-ac  ...       0.0
BE0 0 offwind-ac-2030                                                  offwind-ac  ...       0.0
BG0 0 offwind-ac-2030                                                  offwind-ac  ...       0.0
DE0 0 offwind-ac-2030                                                  offwind-ac  ...       0.0
...                                                                           ...  ...       ...
SI0 0 urban decentral solar thermal collector-2030  urban decentral solar thermal  ...       0.0
SK0 0 rural solar thermal collector-2030                      rural solar thermal  ...       0.0
SK0 0 urban decentral solar thermal collector-2030  urban decentral solar thermal  ...       0.0
XK0 0 rural solar thermal collector-2030                      rural solar thermal  ...       0.0
XK0 0 urban decentral solar thermal collector-2030  urban decentral solar thermal  ...       0.0

[358 rows x 34 columns]
Maxconstraints added: True
Maxcaps should be here:  Constraint `bau_maxcaps` (carrier: 0):
--------------------------------------
Minconstraints added: True
Mincaps should be here:  Constraint `bau_mincaps` (carrier: 0):
--------------------------------------
Set parameter WLSAccessID
Set parameter WLSSecret
Set parameter LicenseID to value 2548566
Academic license 2548566 - for non-commercial use only - registered to ka___@tum.de
Read LP format model from file /tmp/ge87say4/linopy-problem-_mkrfxpe.lp
Reading time = 51.88 seconds
obj: 25468443 rows, 12067857 columns, 58724430 nonzeros
Set parameter Threads to value 8
Set parameter Method to value 2
Set parameter Crossover to value 0
Set parameter BarConvTol to value 1e-06
Set parameter Seed to value 123
Set parameter AggFill to value 0
Set parameter PreDual to value 0
Set parameter GURO_PAR_BARDENSETHRESH to value 200
Set parameter LogFile to value "/dss/dsshome1/0C/ge87say4/pypsa-eur-current/results/fusion-high-2045/logs/base_s_39_lvopt___2030_solver.log"
Gurobi Optimizer version 11.0.3 build v11.0.3rc0 (linux64 - "SUSE Linux Enterprise Server 15 SP5")

CPU model: Intel(R) Xeon(R) Platinum 8360HL CPU @ 3.00GHz, instruction set [SSE2|AVX|AVX2|AVX512]
Thread count: 96 physical cores, 192 logical processors, using up to 8 threads

Academic license 2548566 - for non-commercial use only - registered to ka___@tum.de
Optimize a model with 25468443 rows, 12067857 columns and 58724430 nonzeros
Model fingerprint: 0x3ab0fd23
Coefficient statistics:
  Matrix range     [3e-03, 3e+02]
  Objective range  [3e-02, 2e+06]
  Bounds range     [9e-02, 9e+09]
  RHS range        [1e-01, 1e+09]
Warning: Model contains large rhs
Warning: Model contains large bounds
         Consider reformulating model or setting NumericFocus parameter
         to avoid numerical issues.
Presolve removed 15639714 rows and 788195 columns (presolve time = 5s) ...
Presolve removed 15708872 rows and 808106 columns (presolve time = 11s) ...
Presolve removed 15708872 rows and 808106 columns (presolve time = 15s) ...
Presolve removed 15710766 rows and 810000 columns (presolve time = 21s) ...
Presolve removed 16597091 rows and 1696325 columns (presolve time = 27s) ...
Presolve removed 16598368 rows and 1697602 columns (presolve time = 31s) ...
Presolve removed 16598368 rows and 1697602 columns (presolve time = 36s) ...
Presolve removed 16598368 rows and 1697602 columns (presolve time = 41s) ...
Presolve removed 16598368 rows and 1697602 columns (presolve time = 47s) ...
Presolve removed 16598368 rows and 1697602 columns (presolve time = 50s) ...
Presolve removed 16598368 rows and 1703440 columns (presolve time = 55s) ...
Presolve removed 16598368 rows and 1703440 columns (presolve time = 61s) ...
Presolve removed 16598368 rows and 1703440 columns
Presolve time: 62.12s
Presolved: 8870075 rows, 10364417 columns, 39505070 nonzeros
Elapsed ordering time = 11s
Elapsed ordering time = 15s
Elapsed ordering time = 20s
Elapsed ordering time = 25s
Elapsed ordering time = 30s
Elapsed ordering time = 133s
Elapsed ordering time = 169s
Elapsed ordering time = 225s
Elapsed ordering time = 244s
Elapsed ordering time = 267s
Elapsed ordering time = 284s
Elapsed ordering time = 297s
Elapsed ordering time = 306s
Elapsed ordering time = 312s
Elapsed ordering time = 318s
Elapsed ordering time = 329s
Elapsed ordering time = 335s
Elapsed ordering time = 344s
Elapsed ordering time = 352s
Elapsed ordering time = 357s
Elapsed ordering time = 362s
Elapsed ordering time = 367s
Elapsed ordering time = 372s
Elapsed ordering time = 379s
Elapsed ordering time = 383s
Elapsed ordering time = 385s
Elapsed ordering time = 393s
Elapsed ordering time = 395s
Elapsed ordering time = 401s
Elapsed ordering time = 405s
Elapsed ordering time = 411s
Elapsed ordering time = 416s
Elapsed ordering time = 420s
Elapsed ordering time = 426s
Elapsed ordering time = 431s
Elapsed ordering time = 436s
Elapsed ordering time = 440s
Elapsed ordering time = 445s
Elapsed ordering time = 450s
Elapsed ordering time = 455s
Elapsed ordering time = 460s
Elapsed ordering time = 465s
Elapsed ordering time = 471s
Elapsed ordering time = 475s
Elapsed ordering time = 480s
Elapsed ordering time = 485s
Elapsed ordering time = 490s
Elapsed ordering time = 507s
Elapsed ordering time = 510s
Elapsed ordering time = 515s
Elapsed ordering time = 520s
Elapsed ordering time = 525s
Elapsed ordering time = 530s
Elapsed ordering time = 535s
Elapsed ordering time = 540s
Elapsed ordering time = 545s
Elapsed ordering time = 550s
Elapsed ordering time = 555s
Elapsed ordering time = 560s
Elapsed ordering time = 565s
Elapsed ordering time = 570s
Elapsed ordering time = 575s
Elapsed ordering time = 580s
Elapsed ordering time = 585s
Elapsed ordering time = 590s
Elapsed ordering time = 595s
Elapsed ordering time = 600s
Elapsed ordering time = 605s
Elapsed ordering time = 610s
Elapsed ordering time = 615s
Elapsed ordering time = 620s
Elapsed ordering time = 625s
Elapsed ordering time = 630s
Elapsed ordering time = 635s
Elapsed ordering time = 640s
Elapsed ordering time = 645s
Elapsed ordering time = 652s
Ordering time: 662.27s

Barrier statistics:
 Dense cols : 1910
 AA' NZ     : 3.846e+07
 Factor NZ  : 7.610e+08 (roughly 14.0 GB of memory)
 Factor Ops : 1.908e+12 (roughly 10 seconds per iteration)
 Threads    : 8

                  Objective                Residual
Iter       Primal          Dual         Primal    Dual     Compl     Time
   0   5.58240581e+16 -1.48716998e+17  3.94e+14 1.81e+02  9.49e+12   836s
   1   6.44317714e+16 -9.27785915e+16  3.28e+14 6.85e+03  6.09e+12   917s
   2   6.89371051e+16 -7.11416114e+16  2.72e+14 3.65e+03  4.61e+12  1002s
